{
  "/Users/maelle/Documents/OpenClassroom/Projets/Projet5/Projet/Developpez-une-application-full-stack-complete/front/src/app/features/home/home.ts": {
    "path": "/Users/maelle/Documents/OpenClassroom/Projets/Projet5/Projet/Developpez-une-application-full-stack-complete/front/src/app/features/home/home.ts",
    "statementMap": {
      "0": {
        "start": {
          "line": 5,
          "column": 40
        },
        "end": {
          "line": 38,
          "column": 4
        }
      },
      "1": {
        "start": {
          "line": 9,
          "column": 18
        },
        "end": {
          "line": 11,
          "column": 5
        }
      },
      "2": {
        "start": {
          "line": 10,
          "column": 6
        },
        "end": {
          "line": 10,
          "column": 56
        }
      },
      "3": {
        "start": {
          "line": 12,
          "column": 31
        },
        "end": {
          "line": 35,
          "column": 6
        }
      },
      "4": {
        "start": {
          "line": 19,
          "column": 8
        },
        "end": {
          "line": 31,
          "column": 9
        }
      },
      "5": {
        "start": {
          "line": 20,
          "column": 10
        },
        "end": {
          "line": 20,
          "column": 54
        }
      },
      "6": {
        "start": {
          "line": 21,
          "column": 10
        },
        "end": {
          "line": 21,
          "column": 36
        }
      },
      "7": {
        "start": {
          "line": 22,
          "column": 10
        },
        "end": {
          "line": 22,
          "column": 28
        }
      },
      "8": {
        "start": {
          "line": 23,
          "column": 10
        },
        "end": {
          "line": 23,
          "column": 57
        }
      },
      "9": {
        "start": {
          "line": 24,
          "column": 10
        },
        "end": {
          "line": 24,
          "column": 39
        }
      },
      "10": {
        "start": {
          "line": 25,
          "column": 10
        },
        "end": {
          "line": 25,
          "column": 28
        }
      },
      "11": {
        "start": {
          "line": 26,
          "column": 10
        },
        "end": {
          "line": 26,
          "column": 44
        }
      },
      "12": {
        "start": {
          "line": 27,
          "column": 10
        },
        "end": {
          "line": 27,
          "column": 37
        }
      },
      "13": {
        "start": {
          "line": 28,
          "column": 10
        },
        "end": {
          "line": 28,
          "column": 30
        }
      },
      "14": {
        "start": {
          "line": 29,
          "column": 10
        },
        "end": {
          "line": 29,
          "column": 36
        }
      },
      "15": {
        "start": {
          "line": 30,
          "column": 10
        },
        "end": {
          "line": 30,
          "column": 28
        }
      },
      "16": {
        "start": {
          "line": 37,
          "column": 2
        },
        "end": {
          "line": 37,
          "column": 23
        }
      }
    },
    "fnMap": {
      "0": {
        "name": "(anonymous_0)",
        "decl": {
          "start": {
            "line": 5,
            "column": 41
          },
          "end": {
            "line": 5,
            "column": 42
          }
        },
        "loc": {
          "start": {
            "line": 5,
            "column": 47
          },
          "end": {
            "line": 38,
            "column": 1
          }
        },
        "line": 5
      },
      "1": {
        "name": "(anonymous_1)",
        "decl": {
          "start": {
            "line": 7,
            "column": 4
          },
          "end": {
            "line": 7,
            "column": 5
          }
        },
        "loc": {
          "start": {
            "line": 7,
            "column": 18
          },
          "end": {
            "line": 7,
            "column": 20
          }
        },
        "line": 7
      },
      "2": {
        "name": "(anonymous_2)",
        "decl": {
          "start": {
            "line": 8,
            "column": 4
          },
          "end": {
            "line": 8,
            "column": 5
          }
        },
        "loc": {
          "start": {
            "line": 8,
            "column": 15
          },
          "end": {
            "line": 8,
            "column": 17
          }
        },
        "line": 8
      },
      "3": {
        "name": "HomeComponent_Factory",
        "decl": {
          "start": {
            "line": 9,
            "column": 27
          },
          "end": {
            "line": 9,
            "column": 48
          }
        },
        "loc": {
          "start": {
            "line": 9,
            "column": 68
          },
          "end": {
            "line": 11,
            "column": 5
          }
        },
        "line": 9
      },
      "4": {
        "name": "HomeComponent_Template",
        "decl": {
          "start": {
            "line": 18,
            "column": 25
          },
          "end": {
            "line": 18,
            "column": 47
          }
        },
        "loc": {
          "start": {
            "line": 18,
            "column": 57
          },
          "end": {
            "line": 32,
            "column": 7
          }
        },
        "line": 18
      }
    },
    "branchMap": {
      "0": {
        "loc": {
          "start": {
            "line": 10,
            "column": 18
          },
          "end": {
            "line": 10,
            "column": 52
          }
        },
        "type": "binary-expr",
        "locations": [
          {
            "start": {
              "line": 10,
              "column": 18
            },
            "end": {
              "line": 10,
              "column": 35
            }
          },
          {
            "start": {
              "line": 10,
              "column": 39
            },
            "end": {
              "line": 10,
              "column": 52
            }
          }
        ],
        "line": 10
      },
      "1": {
        "loc": {
          "start": {
            "line": 19,
            "column": 8
          },
          "end": {
            "line": 31,
            "column": 9
          }
        },
        "type": "if",
        "locations": [
          {
            "start": {
              "line": 19,
              "column": 8
            },
            "end": {
              "line": 31,
              "column": 9
            }
          },
          {
            "start": {},
            "end": {}
          }
        ],
        "line": 19
      }
    },
    "s": {
      "0": 20,
      "1": 20,
      "2": 6,
      "3": 20,
      "4": 18,
      "5": 6,
      "6": 6,
      "7": 6,
      "8": 6,
      "9": 6,
      "10": 6,
      "11": 6,
      "12": 6,
      "13": 6,
      "14": 6,
      "15": 6,
      "16": 20
    },
    "f": {
      "0": 20,
      "1": 6,
      "2": 6,
      "3": 6,
      "4": 18
    },
    "b": {
      "0": [
        6,
        6
      ],
      "1": [
        6,
        12
      ]
    },
    "inputSourceMap": {
      "version": 3,
      "names": [
        "MatButton",
        "RouterModule",
        "HomeComponent",
        "constructor",
        "ngOnInit",
        "selectors",
        "decls",
        "vars",
        "consts",
        "template",
        "HomeComponent_Template",
        "rf",
        "ctx",
        "i0",
        "ɵɵelementStart",
        "ɵɵelement",
        "ɵɵelementEnd",
        "ɵɵtext",
        "i1",
        "RouterLink",
        "styles"
      ],
      "sources": [
        "/Users/maelle/Documents/OpenClassroom/Projets/Projet5/Projet/Developpez-une-application-full-stack-complete/front/src/app/features/home/home.ts",
        "/Users/maelle/Documents/OpenClassroom/Projets/Projet5/Projet/Developpez-une-application-full-stack-complete/front/src/app/features/home/home.html"
      ],
      "sourcesContent": [
        "import { Component, OnInit } from '@angular/core';\nimport { MatButton } from '@angular/material/button';\nimport { RouterModule } from '@angular/router';\n\n@Component({\n    selector: 'app-home',\n    standalone: true,\n    templateUrl: './home.html',\n    styleUrls: ['./home.scss'],\n    imports: [MatButton, RouterModule]\n})\nexport class HomeComponent implements OnInit {\n  constructor() {}\n\n  ngOnInit(): void {}\n\n}\n",
        "<div class=\"container\">\n  <div class=\"logo-container\">\n    <img src=\"/logo_p6.png\" alt=\"logo\" />\n  </div>\n  <div class=\"button-bar\">\n    <button matButton=\"elevated\" routerLink=\"login\" data-testid=\"login\">Se connecter</button>\n    <button matButton=\"elevated\" routerLink=\"register\" data-testid=\"register\">S'inscrire</button>\n  </div>\n  <div class=\"bottom-space\"></div>\n</div>\n"
      ],
      "mappings": "AACA,SAASA,SAAS,QAAQ,0BAA0B;AACpD,SAASC,YAAY,QAAQ,iBAAiB;;;AAS9C,WAAaC,aAAa;EAApB,MAAOA,aAAa;IACxBC,YAAA,GAAe;IAEfC,QAAQA,CAAA,GAAU;;uCAHPF,aAAa;IAAA;;YAAbA,aAAa;MAAAG,SAAA;MAAAC,KAAA;MAAAC,IAAA;MAAAC,MAAA;MAAAC,QAAA,WAAAC,uBAAAC,EAAA,EAAAC,GAAA;QAAA,IAAAD,EAAA;UCVxBE,EADF,CAAAC,cAAA,aAAuB,aACO;UAC1BD,EAAA,CAAAE,SAAA,aAAqC;UACvCF,EAAA,CAAAG,YAAA,EAAM;UAEJH,EADF,CAAAC,cAAA,aAAwB,gBAC8C;UAAAD,EAAA,CAAAI,MAAA,mBAAY;UAAAJ,EAAA,CAAAG,YAAA,EAAS;UACzFH,EAAA,CAAAC,cAAA,gBAA0E;UAAAD,EAAA,CAAAI,MAAA,iBAAU;UACtFJ,EADsF,CAAAG,YAAA,EAAS,EACzF;UACNH,EAAA,CAAAE,SAAA,aAAgC;UAClCF,EAAA,CAAAG,YAAA,EAAM;;;qBDAQhB,SAAS,EAAEC,YAAY,EAAAiB,EAAA,CAAAC,UAAA;MAAAC,MAAA;IAAA;;SAExBlB,aAAa;AAAA",
      "ignoreList": []
    },
    "_coverageSchema": "1a1c01bbd47fc00a2c39e90264f33305004495a9",
    "hash": "dfbf1ea9166671d6b235cb7f31914ea9712f0a68"
  },
  "/Users/maelle/Documents/OpenClassroom/Projets/Projet5/Projet/Developpez-une-application-full-stack-complete/front/src/app/core/services/session.ts": {
    "path": "/Users/maelle/Documents/OpenClassroom/Projets/Projet5/Projet/Developpez-une-application-full-stack-complete/front/src/app/core/services/session.ts",
    "statementMap": {
      "0": {
        "start": {
          "line": 3,
          "column": 41
        },
        "end": {
          "line": 47,
          "column": 4
        }
      },
      "1": {
        "start": {
          "line": 5,
          "column": 15
        },
        "end": {
          "line": 5,
          "column": 20
        }
      },
      "2": {
        "start": {
          "line": 7,
          "column": 22
        },
        "end": {
          "line": 7,
          "column": 56
        }
      },
      "3": {
        "start": {
          "line": 9,
          "column": 6
        },
        "end": {
          "line": 9,
          "column": 28
        }
      },
      "4": {
        "start": {
          "line": 12,
          "column": 6
        },
        "end": {
          "line": 12,
          "column": 49
        }
      },
      "5": {
        "start": {
          "line": 15,
          "column": 6
        },
        "end": {
          "line": 15,
          "column": 38
        }
      },
      "6": {
        "start": {
          "line": 16,
          "column": 6
        },
        "end": {
          "line": 16,
          "column": 27
        }
      },
      "7": {
        "start": {
          "line": 17,
          "column": 6
        },
        "end": {
          "line": 17,
          "column": 60
        }
      },
      "8": {
        "start": {
          "line": 18,
          "column": 6
        },
        "end": {
          "line": 18,
          "column": 18
        }
      },
      "9": {
        "start": {
          "line": 21,
          "column": 6
        },
        "end": {
          "line": 21,
          "column": 43
        }
      },
      "10": {
        "start": {
          "line": 22,
          "column": 6
        },
        "end": {
          "line": 22,
          "column": 28
        }
      },
      "11": {
        "start": {
          "line": 23,
          "column": 6
        },
        "end": {
          "line": 23,
          "column": 41
        }
      },
      "12": {
        "start": {
          "line": 24,
          "column": 6
        },
        "end": {
          "line": 24,
          "column": 18
        }
      },
      "13": {
        "start": {
          "line": 27,
          "column": 6
        },
        "end": {
          "line": 27,
          "column": 47
        }
      },
      "14": {
        "start": {
          "line": 30,
          "column": 27
        },
        "end": {
          "line": 30,
          "column": 58
        }
      },
      "15": {
        "start": {
          "line": 31,
          "column": 6
        },
        "end": {
          "line": 35,
          "column": 7
        }
      },
      "16": {
        "start": {
          "line": 32,
          "column": 8
        },
        "end": {
          "line": 32,
          "column": 60
        }
      },
      "17": {
        "start": {
          "line": 33,
          "column": 8
        },
        "end": {
          "line": 33,
          "column": 29
        }
      },
      "18": {
        "start": {
          "line": 34,
          "column": 8
        },
        "end": {
          "line": 34,
          "column": 20
        }
      },
      "19": {
        "start": {
          "line": 37,
          "column": 18
        },
        "end": {
          "line": 39,
          "column": 5
        }
      },
      "20": {
        "start": {
          "line": 38,
          "column": 6
        },
        "end": {
          "line": 38,
          "column": 57
        }
      },
      "21": {
        "start": {
          "line": 40,
          "column": 32
        },
        "end": {
          "line": 44,
          "column": 6
        }
      },
      "22": {
        "start": {
          "line": 46,
          "column": 2
        },
        "end": {
          "line": 46,
          "column": 24
        }
      }
    },
    "fnMap": {
      "0": {
        "name": "(anonymous_0)",
        "decl": {
          "start": {
            "line": 3,
            "column": 42
          },
          "end": {
            "line": 3,
            "column": 43
          }
        },
        "loc": {
          "start": {
            "line": 3,
            "column": 48
          },
          "end": {
            "line": 47,
            "column": 1
          }
        },
        "line": 3
      },
      "1": {
        "name": "(anonymous_1)",
        "decl": {
          "start": {
            "line": 8,
            "column": 4
          },
          "end": {
            "line": 8,
            "column": 5
          }
        },
        "loc": {
          "start": {
            "line": 8,
            "column": 18
          },
          "end": {
            "line": 10,
            "column": 5
          }
        },
        "line": 8
      },
      "2": {
        "name": "(anonymous_2)",
        "decl": {
          "start": {
            "line": 11,
            "column": 4
          },
          "end": {
            "line": 11,
            "column": 5
          }
        },
        "loc": {
          "start": {
            "line": 11,
            "column": 16
          },
          "end": {
            "line": 13,
            "column": 5
          }
        },
        "line": 11
      },
      "3": {
        "name": "(anonymous_3)",
        "decl": {
          "start": {
            "line": 14,
            "column": 4
          },
          "end": {
            "line": 14,
            "column": 5
          }
        },
        "loc": {
          "start": {
            "line": 14,
            "column": 16
          },
          "end": {
            "line": 19,
            "column": 5
          }
        },
        "line": 14
      },
      "4": {
        "name": "(anonymous_4)",
        "decl": {
          "start": {
            "line": 20,
            "column": 4
          },
          "end": {
            "line": 20,
            "column": 5
          }
        },
        "loc": {
          "start": {
            "line": 20,
            "column": 13
          },
          "end": {
            "line": 25,
            "column": 5
          }
        },
        "line": 20
      },
      "5": {
        "name": "(anonymous_5)",
        "decl": {
          "start": {
            "line": 26,
            "column": 4
          },
          "end": {
            "line": 26,
            "column": 5
          }
        },
        "loc": {
          "start": {
            "line": 26,
            "column": 11
          },
          "end": {
            "line": 28,
            "column": 5
          }
        },
        "line": 26
      },
      "6": {
        "name": "(anonymous_6)",
        "decl": {
          "start": {
            "line": 29,
            "column": 4
          },
          "end": {
            "line": 29,
            "column": 5
          }
        },
        "loc": {
          "start": {
            "line": 29,
            "column": 21
          },
          "end": {
            "line": 36,
            "column": 5
          }
        },
        "line": 29
      },
      "7": {
        "name": "SessionService_Factory",
        "decl": {
          "start": {
            "line": 37,
            "column": 27
          },
          "end": {
            "line": 37,
            "column": 49
          }
        },
        "loc": {
          "start": {
            "line": 37,
            "column": 69
          },
          "end": {
            "line": 39,
            "column": 5
          }
        },
        "line": 37
      }
    },
    "branchMap": {
      "0": {
        "loc": {
          "start": {
            "line": 31,
            "column": 6
          },
          "end": {
            "line": 35,
            "column": 7
          }
        },
        "type": "if",
        "locations": [
          {
            "start": {
              "line": 31,
              "column": 6
            },
            "end": {
              "line": 35,
              "column": 7
            }
          },
          {
            "start": {},
            "end": {}
          }
        ],
        "line": 31
      },
      "1": {
        "loc": {
          "start": {
            "line": 38,
            "column": 18
          },
          "end": {
            "line": 38,
            "column": 53
          }
        },
        "type": "binary-expr",
        "locations": [
          {
            "start": {
              "line": 38,
              "column": 18
            },
            "end": {
              "line": 38,
              "column": 35
            }
          },
          {
            "start": {
              "line": 38,
              "column": 39
            },
            "end": {
              "line": 38,
              "column": 53
            }
          }
        ],
        "line": 38
      }
    },
    "s": {
      "0": 20,
      "1": 20,
      "2": 20,
      "3": 20,
      "4": 0,
      "5": 12,
      "6": 12,
      "7": 12,
      "8": 12,
      "9": 0,
      "10": 0,
      "11": 0,
      "12": 0,
      "13": 15,
      "14": 20,
      "15": 20,
      "16": 3,
      "17": 3,
      "18": 3,
      "19": 20,
      "20": 20,
      "21": 20,
      "22": 20
    },
    "f": {
      "0": 20,
      "1": 20,
      "2": 0,
      "3": 12,
      "4": 0,
      "5": 15,
      "6": 20,
      "7": 20
    },
    "b": {
      "0": [
        3,
        17
      ],
      "1": [
        20,
        20
      ]
    },
    "inputSourceMap": {
      "version": 3,
      "names": [
        "BehaviorSubject",
        "SessionService",
        "isLogged",
        "sessionInformations",
        "isLoggedSubject",
        "constructor",
        "restoreSession",
        "$isLogged",
        "asObservable",
        "logIn",
        "user",
        "localStorage",
        "setItem",
        "JSON",
        "stringify",
        "next",
        "logOut",
        "undefined",
        "removeItem",
        "savedSession",
        "getItem",
        "parse",
        "factory",
        "ɵfac",
        "providedIn"
      ],
      "sources": [
        "/Users/maelle/Documents/OpenClassroom/Projets/Projet5/Projet/Developpez-une-application-full-stack-complete/front/src/app/core/services/session.ts"
      ],
      "sourcesContent": [
        "import { Injectable } from '@angular/core';\nimport { SessionInformations } from '../models/sessionInformations';\nimport { BehaviorSubject, Observable } from 'rxjs';\n\n@Injectable({\n  providedIn: 'root',\n})\nexport class SessionService {\n  public isLogged = false;\n  public sessionInformations: SessionInformations | undefined;\n\n  private isLoggedSubject = new BehaviorSubject<boolean>(this.isLogged);\n  \n  constructor() {\n    this.restoreSession();\n  }\n\n  public $isLogged(): Observable<boolean> {\n    return this.isLoggedSubject.asObservable();\n  }\n\n  public logIn(user: SessionInformations): void {\n    this.sessionInformations = user;\n    this.isLogged = true;\n    localStorage.setItem('session', JSON.stringify(user));\n    this.next();\n  }\n\n  public logOut(): void {\n    this.sessionInformations = undefined;\n    this.isLogged = false;\n    localStorage.removeItem('session');\n    this.next();\n  }\n\n  private next(): void {\n    this.isLoggedSubject.next(this.isLogged);\n  }\n\n  private restoreSession(): void {\n    const savedSession = localStorage.getItem('session');\n    if (savedSession) {\n      this.sessionInformations = JSON.parse(savedSession);\n      this.isLogged = true;\n      this.next();\n    }\n  }\n}"
      ],
      "mappings": "AAEA,SAASA,eAAe,QAAoB,MAAM;;AAKlD,WAAaC,cAAc;EAArB,MAAOA,cAAc;IAClBC,QAAQ,GAAG,KAAK;IAChBC,mBAAmB;IAElBC,eAAe,GAAG,IAAIJ,eAAe,CAAU,IAAI,CAACE,QAAQ,CAAC;IAErEG,YAAA;MACE,IAAI,CAACC,cAAc,EAAE;IACvB;IAEOC,SAASA,CAAA;MACd,OAAO,IAAI,CAACH,eAAe,CAACI,YAAY,EAAE;IAC5C;IAEOC,KAAKA,CAACC,IAAyB;MACpC,IAAI,CAACP,mBAAmB,GAAGO,IAAI;MAC/B,IAAI,CAACR,QAAQ,GAAG,IAAI;MACpBS,YAAY,CAACC,OAAO,CAAC,SAAS,EAAEC,IAAI,CAACC,SAAS,CAACJ,IAAI,CAAC,CAAC;MACrD,IAAI,CAACK,IAAI,EAAE;IACb;IAEOC,MAAMA,CAAA;MACX,IAAI,CAACb,mBAAmB,GAAGc,SAAS;MACpC,IAAI,CAACf,QAAQ,GAAG,KAAK;MACrBS,YAAY,CAACO,UAAU,CAAC,SAAS,CAAC;MAClC,IAAI,CAACH,IAAI,EAAE;IACb;IAEQA,IAAIA,CAAA;MACV,IAAI,CAACX,eAAe,CAACW,IAAI,CAAC,IAAI,CAACb,QAAQ,CAAC;IAC1C;IAEQI,cAAcA,CAAA;MACpB,MAAMa,YAAY,GAAGR,YAAY,CAACS,OAAO,CAAC,SAAS,CAAC;MACpD,IAAID,YAAY,EAAE;QAChB,IAAI,CAAChB,mBAAmB,GAAGU,IAAI,CAACQ,KAAK,CAACF,YAAY,CAAC;QACnD,IAAI,CAACjB,QAAQ,GAAG,IAAI;QACpB,IAAI,CAACa,IAAI,EAAE;MACb;IACF;;uCAvCWd,cAAc;IAAA;;aAAdA,cAAc;MAAAqB,OAAA,EAAdrB,cAAc,CAAAsB,IAAA;MAAAC,UAAA,EAFb;IAAM;;SAEPvB,cAAc;AAAA",
      "ignoreList": []
    },
    "_coverageSchema": "1a1c01bbd47fc00a2c39e90264f33305004495a9",
    "hash": "3841cf93d7edcb41210159033f65cd8ec01586ef"
  },
  "/Users/maelle/Documents/OpenClassroom/Projets/Projet5/Projet/Developpez-une-application-full-stack-complete/front/src/app/shared/components/nav-bar/nav-bar.ts": {
    "path": "/Users/maelle/Documents/OpenClassroom/Projets/Projet5/Projet/Developpez-une-application-full-stack-complete/front/src/app/shared/components/nav-bar/nav-bar.ts",
    "statementMap": {
      "0": {
        "start": {
          "line": 9,
          "column": 12
        },
        "end": {
          "line": 11,
          "column": 2
        }
      },
      "1": {
        "start": {
          "line": 9,
          "column": 19
        },
        "end": {
          "line": 11,
          "column": 1
        }
      },
      "2": {
        "start": {
          "line": 13,
          "column": 2
        },
        "end": {
          "line": 29,
          "column": 3
        }
      },
      "3": {
        "start": {
          "line": 14,
          "column": 16
        },
        "end": {
          "line": 14,
          "column": 37
        }
      },
      "4": {
        "start": {
          "line": 15,
          "column": 4
        },
        "end": {
          "line": 15,
          "column": 33
        }
      },
      "5": {
        "start": {
          "line": 16,
          "column": 4
        },
        "end": {
          "line": 20,
          "column": 7
        }
      },
      "6": {
        "start": {
          "line": 17,
          "column": 6
        },
        "end": {
          "line": 17,
          "column": 28
        }
      },
      "7": {
        "start": {
          "line": 18,
          "column": 21
        },
        "end": {
          "line": 18,
          "column": 40
        }
      },
      "8": {
        "start": {
          "line": 19,
          "column": 6
        },
        "end": {
          "line": 19,
          "column": 45
        }
      },
      "9": {
        "start": {
          "line": 21,
          "column": 4
        },
        "end": {
          "line": 21,
          "column": 40
        }
      },
      "10": {
        "start": {
          "line": 22,
          "column": 4
        },
        "end": {
          "line": 22,
          "column": 22
        }
      },
      "11": {
        "start": {
          "line": 23,
          "column": 4
        },
        "end": {
          "line": 23,
          "column": 34
        }
      },
      "12": {
        "start": {
          "line": 24,
          "column": 4
        },
        "end": {
          "line": 24,
          "column": 29
        }
      },
      "13": {
        "start": {
          "line": 25,
          "column": 4
        },
        "end": {
          "line": 25,
          "column": 22
        }
      },
      "14": {
        "start": {
          "line": 26,
          "column": 4
        },
        "end": {
          "line": 26,
          "column": 34
        }
      },
      "15": {
        "start": {
          "line": 27,
          "column": 4
        },
        "end": {
          "line": 27,
          "column": 32
        }
      },
      "16": {
        "start": {
          "line": 28,
          "column": 4
        },
        "end": {
          "line": 28,
          "column": 22
        }
      },
      "17": {
        "start": {
          "line": 30,
          "column": 2
        },
        "end": {
          "line": 35,
          "column": 3
        }
      },
      "18": {
        "start": {
          "line": 31,
          "column": 4
        },
        "end": {
          "line": 31,
          "column": 20
        }
      },
      "19": {
        "start": {
          "line": 32,
          "column": 4
        },
        "end": {
          "line": 32,
          "column": 73
        }
      },
      "20": {
        "start": {
          "line": 33,
          "column": 4
        },
        "end": {
          "line": 33,
          "column": 20
        }
      },
      "21": {
        "start": {
          "line": 34,
          "column": 4
        },
        "end": {
          "line": 34,
          "column": 73
        }
      },
      "22": {
        "start": {
          "line": 38,
          "column": 2
        },
        "end": {
          "line": 40,
          "column": 3
        }
      },
      "23": {
        "start": {
          "line": 39,
          "column": 4
        },
        "end": {
          "line": 39,
          "column": 29
        }
      },
      "24": {
        "start": {
          "line": 43,
          "column": 2
        },
        "end": {
          "line": 45,
          "column": 3
        }
      },
      "25": {
        "start": {
          "line": 44,
          "column": 4
        },
        "end": {
          "line": 44,
          "column": 29
        }
      },
      "26": {
        "start": {
          "line": 48,
          "column": 2
        },
        "end": {
          "line": 63,
          "column": 3
        }
      },
      "27": {
        "start": {
          "line": 49,
          "column": 16
        },
        "end": {
          "line": 49,
          "column": 37
        }
      },
      "28": {
        "start": {
          "line": 50,
          "column": 4
        },
        "end": {
          "line": 50,
          "column": 36
        }
      },
      "29": {
        "start": {
          "line": 51,
          "column": 4
        },
        "end": {
          "line": 55,
          "column": 7
        }
      },
      "30": {
        "start": {
          "line": 52,
          "column": 6
        },
        "end": {
          "line": 52,
          "column": 28
        }
      },
      "31": {
        "start": {
          "line": 53,
          "column": 21
        },
        "end": {
          "line": 53,
          "column": 40
        }
      },
      "32": {
        "start": {
          "line": 54,
          "column": 6
        },
        "end": {
          "line": 54,
          "column": 55
        }
      },
      "33": {
        "start": {
          "line": 56,
          "column": 4
        },
        "end": {
          "line": 56,
          "column": 22
        }
      },
      "34": {
        "start": {
          "line": 57,
          "column": 4
        },
        "end": {
          "line": 57,
          "column": 50
        }
      },
      "35": {
        "start": {
          "line": 58,
          "column": 4
        },
        "end": {
          "line": 58,
          "column": 106
        }
      },
      "36": {
        "start": {
          "line": 59,
          "column": 4
        },
        "end": {
          "line": 59,
          "column": 22
        }
      },
      "37": {
        "start": {
          "line": 60,
          "column": 4
        },
        "end": {
          "line": 60,
          "column": 40
        }
      },
      "38": {
        "start": {
          "line": 61,
          "column": 4
        },
        "end": {
          "line": 61,
          "column": 35
        }
      },
      "39": {
        "start": {
          "line": 62,
          "column": 4
        },
        "end": {
          "line": 62,
          "column": 24
        }
      },
      "40": {
        "start": {
          "line": 64,
          "column": 2
        },
        "end": {
          "line": 69,
          "column": 3
        }
      },
      "41": {
        "start": {
          "line": 65,
          "column": 4
        },
        "end": {
          "line": 65,
          "column": 23
        }
      },
      "42": {
        "start": {
          "line": 66,
          "column": 26
        },
        "end": {
          "line": 66,
          "column": 43
        }
      },
      "43": {
        "start": {
          "line": 67,
          "column": 4
        },
        "end": {
          "line": 67,
          "column": 20
        }
      },
      "44": {
        "start": {
          "line": 68,
          "column": 4
        },
        "end": {
          "line": 68,
          "column": 53
        }
      },
      "45": {
        "start": {
          "line": 72,
          "column": 2
        },
        "end": {
          "line": 82,
          "column": 3
        }
      },
      "46": {
        "start": {
          "line": 73,
          "column": 16
        },
        "end": {
          "line": 73,
          "column": 37
        }
      },
      "47": {
        "start": {
          "line": 74,
          "column": 4
        },
        "end": {
          "line": 74,
          "column": 41
        }
      },
      "48": {
        "start": {
          "line": 75,
          "column": 4
        },
        "end": {
          "line": 79,
          "column": 7
        }
      },
      "49": {
        "start": {
          "line": 76,
          "column": 6
        },
        "end": {
          "line": 76,
          "column": 28
        }
      },
      "50": {
        "start": {
          "line": 77,
          "column": 21
        },
        "end": {
          "line": 77,
          "column": 40
        }
      },
      "51": {
        "start": {
          "line": 78,
          "column": 6
        },
        "end": {
          "line": 78,
          "column": 54
        }
      },
      "52": {
        "start": {
          "line": 80,
          "column": 4
        },
        "end": {
          "line": 80,
          "column": 25
        }
      },
      "53": {
        "start": {
          "line": 81,
          "column": 4
        },
        "end": {
          "line": 81,
          "column": 22
        }
      },
      "54": {
        "start": {
          "line": 85,
          "column": 2
        },
        "end": {
          "line": 93,
          "column": 3
        }
      },
      "55": {
        "start": {
          "line": 86,
          "column": 4
        },
        "end": {
          "line": 86,
          "column": 123
        }
      },
      "56": {
        "start": {
          "line": 87,
          "column": 4
        },
        "end": {
          "line": 87,
          "column": 35
        }
      },
      "57": {
        "start": {
          "line": 88,
          "column": 4
        },
        "end": {
          "line": 88,
          "column": 92
        }
      },
      "58": {
        "start": {
          "line": 89,
          "column": 4
        },
        "end": {
          "line": 89,
          "column": 40
        }
      },
      "59": {
        "start": {
          "line": 90,
          "column": 4
        },
        "end": {
          "line": 90,
          "column": 35
        }
      },
      "60": {
        "start": {
          "line": 91,
          "column": 4
        },
        "end": {
          "line": 91,
          "column": 24
        }
      },
      "61": {
        "start": {
          "line": 92,
          "column": 4
        },
        "end": {
          "line": 92,
          "column": 150
        }
      },
      "62": {
        "start": {
          "line": 94,
          "column": 2
        },
        "end": {
          "line": 101,
          "column": 3
        }
      },
      "63": {
        "start": {
          "line": 95,
          "column": 26
        },
        "end": {
          "line": 95,
          "column": 43
        }
      },
      "64": {
        "start": {
          "line": 96,
          "column": 19
        },
        "end": {
          "line": 96,
          "column": 37
        }
      },
      "65": {
        "start": {
          "line": 97,
          "column": 4
        },
        "end": {
          "line": 97,
          "column": 20
        }
      },
      "66": {
        "start": {
          "line": 98,
          "column": 4
        },
        "end": {
          "line": 98,
          "column": 53
        }
      },
      "67": {
        "start": {
          "line": 99,
          "column": 4
        },
        "end": {
          "line": 99,
          "column": 20
        }
      },
      "68": {
        "start": {
          "line": 100,
          "column": 4
        },
        "end": {
          "line": 100,
          "column": 48
        }
      },
      "69": {
        "start": {
          "line": 103,
          "column": 33
        },
        "end": {
          "line": 141,
          "column": 4
        }
      },
      "70": {
        "start": {
          "line": 106,
          "column": 21
        },
        "end": {
          "line": 106,
          "column": 43
        }
      },
      "71": {
        "start": {
          "line": 107,
          "column": 17
        },
        "end": {
          "line": 107,
          "column": 35
        }
      },
      "72": {
        "start": {
          "line": 108,
          "column": 17
        },
        "end": {
          "line": 108,
          "column": 22
        }
      },
      "73": {
        "start": {
          "line": 110,
          "column": 6
        },
        "end": {
          "line": 110,
          "column": 35
        }
      },
      "74": {
        "start": {
          "line": 112,
          "column": 18
        },
        "end": {
          "line": 114,
          "column": 5
        }
      },
      "75": {
        "start": {
          "line": 113,
          "column": 6
        },
        "end": {
          "line": 113,
          "column": 49
        }
      },
      "76": {
        "start": {
          "line": 115,
          "column": 31
        },
        "end": {
          "line": 138,
          "column": 6
        }
      },
      "77": {
        "start": {
          "line": 125,
          "column": 8
        },
        "end": {
          "line": 130,
          "column": 9
        }
      },
      "78": {
        "start": {
          "line": 126,
          "column": 10
        },
        "end": {
          "line": 126,
          "column": 41
        }
      },
      "79": {
        "start": {
          "line": 127,
          "column": 10
        },
        "end": {
          "line": 127,
          "column": 36
        }
      },
      "80": {
        "start": {
          "line": 128,
          "column": 10
        },
        "end": {
          "line": 128,
          "column": 73
        }
      },
      "81": {
        "start": {
          "line": 129,
          "column": 10
        },
        "end": {
          "line": 129,
          "column": 28
        }
      },
      "82": {
        "start": {
          "line": 131,
          "column": 8
        },
        "end": {
          "line": 134,
          "column": 9
        }
      },
      "83": {
        "start": {
          "line": 132,
          "column": 10
        },
        "end": {
          "line": 132,
          "column": 26
        }
      },
      "84": {
        "start": {
          "line": 133,
          "column": 10
        },
        "end": {
          "line": 133,
          "column": 51
        }
      },
      "85": {
        "start": {
          "line": 140,
          "column": 2
        },
        "end": {
          "line": 140,
          "column": 16
        }
      }
    },
    "fnMap": {
      "0": {
        "name": "(anonymous_0)",
        "decl": {
          "start": {
            "line": 9,
            "column": 12
          },
          "end": {
            "line": 9,
            "column": 13
          }
        },
        "loc": {
          "start": {
            "line": 9,
            "column": 19
          },
          "end": {
            "line": 11,
            "column": 1
          }
        },
        "line": 9
      },
      "1": {
        "name": "NavBar_Conditional_2_ng_template_0_Template",
        "decl": {
          "start": {
            "line": 12,
            "column": 9
          },
          "end": {
            "line": 12,
            "column": 52
          }
        },
        "loc": {
          "start": {
            "line": 12,
            "column": 62
          },
          "end": {
            "line": 36,
            "column": 1
          }
        },
        "line": 12
      },
      "2": {
        "name": "NavBar_Conditional_2_ng_template_0_Template_p_click_0_listener",
        "decl": {
          "start": {
            "line": 16,
            "column": 36
          },
          "end": {
            "line": 16,
            "column": 98
          }
        },
        "loc": {
          "start": {
            "line": 16,
            "column": 101
          },
          "end": {
            "line": 20,
            "column": 5
          }
        },
        "line": 16
      },
      "3": {
        "name": "NavBar_Conditional_2_ng_container_3_Template",
        "decl": {
          "start": {
            "line": 37,
            "column": 9
          },
          "end": {
            "line": 37,
            "column": 53
          }
        },
        "loc": {
          "start": {
            "line": 37,
            "column": 63
          },
          "end": {
            "line": 41,
            "column": 1
          }
        },
        "line": 37
      },
      "4": {
        "name": "NavBar_Conditional_2_Conditional_6_ng_container_3_Template",
        "decl": {
          "start": {
            "line": 42,
            "column": 9
          },
          "end": {
            "line": 42,
            "column": 67
          }
        },
        "loc": {
          "start": {
            "line": 42,
            "column": 77
          },
          "end": {
            "line": 46,
            "column": 1
          }
        },
        "line": 42
      },
      "5": {
        "name": "NavBar_Conditional_2_Conditional_6_Template",
        "decl": {
          "start": {
            "line": 47,
            "column": 9
          },
          "end": {
            "line": 47,
            "column": 52
          }
        },
        "loc": {
          "start": {
            "line": 47,
            "column": 62
          },
          "end": {
            "line": 70,
            "column": 1
          }
        },
        "line": 47
      },
      "6": {
        "name": "NavBar_Conditional_2_Conditional_6_Template_div_click_0_listener",
        "decl": {
          "start": {
            "line": 51,
            "column": 36
          },
          "end": {
            "line": 51,
            "column": 100
          }
        },
        "loc": {
          "start": {
            "line": 51,
            "column": 103
          },
          "end": {
            "line": 55,
            "column": 5
          }
        },
        "line": 51
      },
      "7": {
        "name": "NavBar_Conditional_2_Conditional_7_Template",
        "decl": {
          "start": {
            "line": 71,
            "column": 9
          },
          "end": {
            "line": 71,
            "column": 52
          }
        },
        "loc": {
          "start": {
            "line": 71,
            "column": 62
          },
          "end": {
            "line": 83,
            "column": 1
          }
        },
        "line": 71
      },
      "8": {
        "name": "NavBar_Conditional_2_Conditional_7_Template_mat_icon_click_0_listener",
        "decl": {
          "start": {
            "line": 75,
            "column": 36
          },
          "end": {
            "line": 75,
            "column": 105
          }
        },
        "loc": {
          "start": {
            "line": 75,
            "column": 108
          },
          "end": {
            "line": 79,
            "column": 5
          }
        },
        "line": 75
      },
      "9": {
        "name": "NavBar_Conditional_2_Template",
        "decl": {
          "start": {
            "line": 84,
            "column": 9
          },
          "end": {
            "line": 84,
            "column": 38
          }
        },
        "loc": {
          "start": {
            "line": 84,
            "column": 48
          },
          "end": {
            "line": 102,
            "column": 1
          }
        },
        "line": 84
      },
      "10": {
        "name": "(anonymous_10)",
        "decl": {
          "start": {
            "line": 103,
            "column": 34
          },
          "end": {
            "line": 103,
            "column": 35
          }
        },
        "loc": {
          "start": {
            "line": 103,
            "column": 40
          },
          "end": {
            "line": 141,
            "column": 1
          }
        },
        "line": 103
      },
      "11": {
        "name": "(anonymous_11)",
        "decl": {
          "start": {
            "line": 109,
            "column": 4
          },
          "end": {
            "line": 109,
            "column": 5
          }
        },
        "loc": {
          "start": {
            "line": 109,
            "column": 13
          },
          "end": {
            "line": 111,
            "column": 5
          }
        },
        "line": 109
      },
      "12": {
        "name": "NavBar_Factory",
        "decl": {
          "start": {
            "line": 112,
            "column": 27
          },
          "end": {
            "line": 112,
            "column": 41
          }
        },
        "loc": {
          "start": {
            "line": 112,
            "column": 61
          },
          "end": {
            "line": 114,
            "column": 5
          }
        },
        "line": 112
      },
      "13": {
        "name": "NavBar_Template",
        "decl": {
          "start": {
            "line": 124,
            "column": 25
          },
          "end": {
            "line": 124,
            "column": 40
          }
        },
        "loc": {
          "start": {
            "line": 124,
            "column": 50
          },
          "end": {
            "line": 135,
            "column": 7
          }
        },
        "line": 124
      }
    },
    "branchMap": {
      "0": {
        "loc": {
          "start": {
            "line": 13,
            "column": 2
          },
          "end": {
            "line": 29,
            "column": 3
          }
        },
        "type": "if",
        "locations": [
          {
            "start": {
              "line": 13,
              "column": 2
            },
            "end": {
              "line": 29,
              "column": 3
            }
          },
          {
            "start": {},
            "end": {}
          }
        ],
        "line": 13
      },
      "1": {
        "loc": {
          "start": {
            "line": 30,
            "column": 2
          },
          "end": {
            "line": 35,
            "column": 3
          }
        },
        "type": "if",
        "locations": [
          {
            "start": {
              "line": 30,
              "column": 2
            },
            "end": {
              "line": 35,
              "column": 3
            }
          },
          {
            "start": {},
            "end": {}
          }
        ],
        "line": 30
      },
      "2": {
        "loc": {
          "start": {
            "line": 38,
            "column": 2
          },
          "end": {
            "line": 40,
            "column": 3
          }
        },
        "type": "if",
        "locations": [
          {
            "start": {
              "line": 38,
              "column": 2
            },
            "end": {
              "line": 40,
              "column": 3
            }
          },
          {
            "start": {},
            "end": {}
          }
        ],
        "line": 38
      },
      "3": {
        "loc": {
          "start": {
            "line": 43,
            "column": 2
          },
          "end": {
            "line": 45,
            "column": 3
          }
        },
        "type": "if",
        "locations": [
          {
            "start": {
              "line": 43,
              "column": 2
            },
            "end": {
              "line": 45,
              "column": 3
            }
          },
          {
            "start": {},
            "end": {}
          }
        ],
        "line": 43
      },
      "4": {
        "loc": {
          "start": {
            "line": 48,
            "column": 2
          },
          "end": {
            "line": 63,
            "column": 3
          }
        },
        "type": "if",
        "locations": [
          {
            "start": {
              "line": 48,
              "column": 2
            },
            "end": {
              "line": 63,
              "column": 3
            }
          },
          {
            "start": {},
            "end": {}
          }
        ],
        "line": 48
      },
      "5": {
        "loc": {
          "start": {
            "line": 64,
            "column": 2
          },
          "end": {
            "line": 69,
            "column": 3
          }
        },
        "type": "if",
        "locations": [
          {
            "start": {
              "line": 64,
              "column": 2
            },
            "end": {
              "line": 69,
              "column": 3
            }
          },
          {
            "start": {},
            "end": {}
          }
        ],
        "line": 64
      },
      "6": {
        "loc": {
          "start": {
            "line": 72,
            "column": 2
          },
          "end": {
            "line": 82,
            "column": 3
          }
        },
        "type": "if",
        "locations": [
          {
            "start": {
              "line": 72,
              "column": 2
            },
            "end": {
              "line": 82,
              "column": 3
            }
          },
          {
            "start": {},
            "end": {}
          }
        ],
        "line": 72
      },
      "7": {
        "loc": {
          "start": {
            "line": 85,
            "column": 2
          },
          "end": {
            "line": 93,
            "column": 3
          }
        },
        "type": "if",
        "locations": [
          {
            "start": {
              "line": 85,
              "column": 2
            },
            "end": {
              "line": 93,
              "column": 3
            }
          },
          {
            "start": {},
            "end": {}
          }
        ],
        "line": 85
      },
      "8": {
        "loc": {
          "start": {
            "line": 94,
            "column": 2
          },
          "end": {
            "line": 101,
            "column": 3
          }
        },
        "type": "if",
        "locations": [
          {
            "start": {
              "line": 94,
              "column": 2
            },
            "end": {
              "line": 101,
              "column": 3
            }
          },
          {
            "start": {},
            "end": {}
          }
        ],
        "line": 94
      },
      "9": {
        "loc": {
          "start": {
            "line": 100,
            "column": 21
          },
          "end": {
            "line": 100,
            "column": 46
          }
        },
        "type": "cond-expr",
        "locations": [
          {
            "start": {
              "line": 100,
              "column": 41
            },
            "end": {
              "line": 100,
              "column": 42
            }
          },
          {
            "start": {
              "line": 100,
              "column": 45
            },
            "end": {
              "line": 100,
              "column": 46
            }
          }
        ],
        "line": 100
      },
      "10": {
        "loc": {
          "start": {
            "line": 113,
            "column": 18
          },
          "end": {
            "line": 113,
            "column": 45
          }
        },
        "type": "binary-expr",
        "locations": [
          {
            "start": {
              "line": 113,
              "column": 18
            },
            "end": {
              "line": 113,
              "column": 35
            }
          },
          {
            "start": {
              "line": 113,
              "column": 39
            },
            "end": {
              "line": 113,
              "column": 45
            }
          }
        ],
        "line": 113
      },
      "11": {
        "loc": {
          "start": {
            "line": 125,
            "column": 8
          },
          "end": {
            "line": 130,
            "column": 9
          }
        },
        "type": "if",
        "locations": [
          {
            "start": {
              "line": 125,
              "column": 8
            },
            "end": {
              "line": 130,
              "column": 9
            }
          },
          {
            "start": {},
            "end": {}
          }
        ],
        "line": 125
      },
      "12": {
        "loc": {
          "start": {
            "line": 131,
            "column": 8
          },
          "end": {
            "line": 134,
            "column": 9
          }
        },
        "type": "if",
        "locations": [
          {
            "start": {
              "line": 131,
              "column": 8
            },
            "end": {
              "line": 134,
              "column": 9
            }
          },
          {
            "start": {},
            "end": {}
          }
        ],
        "line": 131
      },
      "13": {
        "loc": {
          "start": {
            "line": 133,
            "column": 27
          },
          "end": {
            "line": 133,
            "column": 49
          }
        },
        "type": "cond-expr",
        "locations": [
          {
            "start": {
              "line": 133,
              "column": 43
            },
            "end": {
              "line": 133,
              "column": 44
            }
          },
          {
            "start": {
              "line": 133,
              "column": 47
            },
            "end": {
              "line": 133,
              "column": 49
            }
          }
        ],
        "line": 133
      }
    },
    "s": {
      "0": 20,
      "1": 36,
      "2": 264,
      "3": 18,
      "4": 18,
      "5": 18,
      "6": 0,
      "7": 0,
      "8": 0,
      "9": 18,
      "10": 18,
      "11": 18,
      "12": 18,
      "13": 18,
      "14": 18,
      "15": 18,
      "16": 18,
      "17": 264,
      "18": 246,
      "19": 246,
      "20": 246,
      "21": 246,
      "22": 0,
      "23": 0,
      "24": 0,
      "25": 0,
      "26": 0,
      "27": 0,
      "28": 0,
      "29": 0,
      "30": 0,
      "31": 0,
      "32": 0,
      "33": 0,
      "34": 0,
      "35": 0,
      "36": 0,
      "37": 0,
      "38": 0,
      "39": 0,
      "40": 0,
      "41": 0,
      "42": 0,
      "43": 0,
      "44": 0,
      "45": 264,
      "46": 18,
      "47": 18,
      "48": 18,
      "49": 0,
      "50": 0,
      "51": 0,
      "52": 18,
      "53": 18,
      "54": 264,
      "55": 18,
      "56": 18,
      "57": 18,
      "58": 18,
      "59": 18,
      "60": 18,
      "61": 18,
      "62": 264,
      "63": 246,
      "64": 246,
      "65": 246,
      "66": 246,
      "67": 246,
      "68": 246,
      "69": 20,
      "70": 35,
      "71": 35,
      "72": 35,
      "73": 0,
      "74": 20,
      "75": 35,
      "76": 20,
      "77": 1327,
      "78": 35,
      "79": 35,
      "80": 35,
      "81": 35,
      "82": 1327,
      "83": 1292,
      "84": 1292,
      "85": 20
    },
    "f": {
      "0": 36,
      "1": 264,
      "2": 0,
      "3": 0,
      "4": 0,
      "5": 0,
      "6": 0,
      "7": 264,
      "8": 0,
      "9": 264,
      "10": 20,
      "11": 0,
      "12": 35,
      "13": 1327
    },
    "b": {
      "0": [
        18,
        246
      ],
      "1": [
        246,
        18
      ],
      "2": [
        0,
        0
      ],
      "3": [
        0,
        0
      ],
      "4": [
        0,
        0
      ],
      "5": [
        0,
        0
      ],
      "6": [
        18,
        246
      ],
      "7": [
        18,
        246
      ],
      "8": [
        246,
        18
      ],
      "9": [
        0,
        246
      ],
      "10": [
        35,
        35
      ],
      "11": [
        35,
        1292
      ],
      "12": [
        1292,
        35
      ],
      "13": [
        246,
        1046
      ]
    },
    "inputSourceMap": {
      "version": 3,
      "names": [
        "CommonModule",
        "DestroyRef",
        "inject",
        "MatIcon",
        "MatMenuModule",
        "RouterLink",
        "RouterLinkActive",
        "SessionService",
        "i0",
        "ɵɵelementStart",
        "ɵɵlistener",
        "NavBar_Conditional_2_ng_template_0_Template_p_click_0_listener",
        "ɵɵrestoreView",
        "_r1",
        "ctx_r1",
        "ɵɵnextContext",
        "ɵɵresetView",
        "logout",
        "ɵɵtext",
        "ɵɵelementEnd",
        "ɵɵadvance",
        "ɵɵproperty",
        "ɵɵpureFunction0",
        "_c0",
        "ɵɵelementContainer",
        "NavBar_Conditional_2_Conditional_6_Template_div_click_0_listener",
        "_r3",
        "isMenuOpen",
        "ɵɵtemplate",
        "NavBar_Conditional_2_Conditional_6_ng_container_3_Template",
        "navContent_r4",
        "NavBar_Conditional_2_Conditional_7_Template_mat_icon_click_0_listener",
        "_r5",
        "NavBar_Conditional_2_ng_template_0_Template",
        "ɵɵtemplateRefExtractor",
        "NavBar_Conditional_2_ng_container_3_Template",
        "ɵɵconditionalCreate",
        "NavBar_Conditional_2_Conditional_6_Template",
        "NavBar_Conditional_2_Conditional_7_Template",
        "ɵɵconditional",
        "NavBar",
        "fullInfos",
        "sessionService",
        "destroyRef",
        "logOut",
        "selectors",
        "inputs",
        "decls",
        "vars",
        "consts",
        "template",
        "NavBar_Template",
        "rf",
        "ctx",
        "ɵɵelement",
        "NavBar_Conditional_2_Template",
        "i1",
        "NgTemplateOutlet",
        "styles"
      ],
      "sources": [
        "/Users/maelle/Documents/OpenClassroom/Projets/Projet5/Projet/Developpez-une-application-full-stack-complete/front/src/app/shared/components/nav-bar/nav-bar.ts",
        "/Users/maelle/Documents/OpenClassroom/Projets/Projet5/Projet/Developpez-une-application-full-stack-complete/front/src/app/shared/components/nav-bar/nav-bar.html"
      ],
      "sourcesContent": [
        "import { CommonModule } from '@angular/common';\nimport { Component, DestroyRef, inject, Input } from '@angular/core';\nimport { MatIcon } from '@angular/material/icon';\nimport { MatMenuModule } from '@angular/material/menu';\nimport { RouterLink, RouterLinkActive } from \"@angular/router\";\nimport { SessionService } from '../../../core/services/session';\nimport { takeUntilDestroyed } from '@angular/core/rxjs-interop';\n\n@Component({\n  selector: 'app-nav-bar',\n  imports: [RouterLink, RouterLinkActive, MatIcon, MatMenuModule, CommonModule],\n  templateUrl: './nav-bar.html',\n  styleUrl: './nav-bar.scss',\n})\nexport class NavBar {\n  @Input() fullInfos!: boolean;\n  private sessionService = inject(SessionService);\n  private destroyRef = inject(DestroyRef);\n\n  public isMenuOpen = false;\n\n  public logout() {\n    this.sessionService.logOut();\n  }\n}\n",
        "<div class=\"container\">\n\n    <img class=\"logo\" src=\"/logo_p6.png\" alt=\"logo\" />\n\n    @if (fullInfos) {\n    <ng-template #navContent>\n        <p class=\"logout\" routerLink=\"\" (click)=\"logout()\">Se déconnecter</p>\n        <h4 routerLink=\"/articles\" routerLinkActive=\"active\" [routerLinkActiveOptions]=\"{exact : true}\">Articles</h4>\n        <h4 routerLink=\"/themes\" routerLinkActive=\"active\" [routerLinkActiveOptions]=\"{exact : true}\">Thèmes</h4>\n    </ng-template>\n\n    <nav class=\"nav-big-screen\">\n        <ng-container *ngTemplateOutlet=\"navContent\"></ng-container>\n        <mat-icon class=\"user\" routerLink=\"/user\" routerLinkActive=\"active\">account_circle</mat-icon>\n    </nav>\n\n    @if (isMenuOpen) {\n    <div class=\"backdrop\" (click)=\"isMenuOpen = false\"></div>\n\n    <div class=\"menu\">\n        <div class=\"navigation\">\n            <ng-container *ngTemplateOutlet=\"navContent\"></ng-container>\n        </div>\n        <mat-icon class=\"user\" routerLink=\"/user\" routerLinkActive=\"active\">account_circle</mat-icon>\n    </div>\n    } @else {\n    <mat-icon class=\"menu-icon\" (click)=\"isMenuOpen = true\">menu</mat-icon>\n    }\n    }\n\n</div>"
      ],
      "mappings": "AAAA,SAASA,YAAY,QAAQ,iBAAiB;AAC9C,SAAoBC,UAAU,EAAEC,MAAM,QAAe,eAAe;AACpE,SAASC,OAAO,QAAQ,wBAAwB;AAChD,SAASC,aAAa,QAAQ,wBAAwB;AACtD,SAASC,UAAU,EAAEC,gBAAgB,QAAQ,iBAAiB;AAC9D,SAASC,cAAc,QAAQ,gCAAgC;;;;;;;;;ICCvDC,EAAA,CAAAC,cAAA,WAAmD;IAAnBD,EAAA,CAAAE,UAAA,mBAAAC,+DAAA;MAAAH,EAAA,CAAAI,aAAA,CAAAC,GAAA;MAAA,MAAAC,MAAA,GAAAN,EAAA,CAAAO,aAAA;MAAA,OAAAP,EAAA,CAAAQ,WAAA,CAASF,MAAA,CAAAG,MAAA,EAAQ;IAAA,EAAC;IAACT,EAAA,CAAAU,MAAA,0BAAc;IAAAV,EAAA,CAAAW,YAAA,EAAI;IACrEX,EAAA,CAAAC,cAAA,YAAgG;IAAAD,EAAA,CAAAU,MAAA,eAAQ;IAAAV,EAAA,CAAAW,YAAA,EAAK;IAC7GX,EAAA,CAAAC,cAAA,YAA8F;IAAAD,EAAA,CAAAU,MAAA,kBAAM;IAAAV,EAAA,CAAAW,YAAA,EAAK;;;IADpDX,EAAA,CAAAY,SAAA,GAA0C;IAA1CZ,EAAA,CAAAa,UAAA,4BAAAb,EAAA,CAAAc,eAAA,IAAAC,GAAA,EAA0C;IAC5Cf,EAAA,CAAAY,SAAA,GAA0C;IAA1CZ,EAAA,CAAAa,UAAA,4BAAAb,EAAA,CAAAc,eAAA,IAAAC,GAAA,EAA0C;;;;;IAI7Ff,EAAA,CAAAgB,kBAAA,GAA4D;;;;;IASxDhB,EAAA,CAAAgB,kBAAA,GAA4D;;;;;;IAJpEhB,EAAA,CAAAC,cAAA,cAAmD;IAA7BD,EAAA,CAAAE,UAAA,mBAAAe,iEAAA;MAAAjB,EAAA,CAAAI,aAAA,CAAAc,GAAA;MAAA,MAAAZ,MAAA,GAAAN,EAAA,CAAAO,aAAA;MAAA,OAAAP,EAAA,CAAAQ,WAAA,CAAAF,MAAA,CAAAa,UAAA,GAAsB,KAAK;IAAA,EAAC;IAACnB,EAAA,CAAAW,YAAA,EAAM;IAGrDX,EADJ,CAAAC,cAAA,cAAkB,cACU;IACpBD,EAAA,CAAAoB,UAAA,IAAAC,0DAAA,0BAA6C;IACjDrB,EAAA,CAAAW,YAAA,EAAM;IACNX,EAAA,CAAAC,cAAA,kBAAoE;IAAAD,EAAA,CAAAU,MAAA,qBAAc;IACtFV,EADsF,CAAAW,YAAA,EAAW,EAC3F;;;;;IAHiBX,EAAA,CAAAY,SAAA,GAA4B;IAA5BZ,EAAA,CAAAa,UAAA,qBAAAS,aAAA,CAA4B;;;;;;IAKnDtB,EAAA,CAAAC,cAAA,mBAAwD;IAA5BD,EAAA,CAAAE,UAAA,mBAAAqB,sEAAA;MAAAvB,EAAA,CAAAI,aAAA,CAAAoB,GAAA;MAAA,MAAAlB,MAAA,GAAAN,EAAA,CAAAO,aAAA;MAAA,OAAAP,EAAA,CAAAQ,WAAA,CAAAF,MAAA,CAAAa,UAAA,GAAsB,IAAI;IAAA,EAAC;IAACnB,EAAA,CAAAU,MAAA,WAAI;IAAAV,EAAA,CAAAW,YAAA,EAAW;;;;;IArBvEX,EAAA,CAAAoB,UAAA,IAAAK,2CAAA,gCAAAzB,EAAA,CAAA0B,sBAAA,CAAyB;IAMzB1B,EAAA,CAAAC,cAAA,aAA4B;IACxBD,EAAA,CAAAoB,UAAA,IAAAO,4CAAA,0BAA6C;IAC7C3B,EAAA,CAAAC,cAAA,kBAAoE;IAAAD,EAAA,CAAAU,MAAA,qBAAc;IACtFV,EADsF,CAAAW,YAAA,EAAW,EAC3F;IAWJX,EATF,CAAA4B,mBAAA,IAAAC,2CAAA,OAAkB,IAAAC,2CAAA,sBAST;;;;;IAbU9B,EAAA,CAAAY,SAAA,GAA4B;IAA5BZ,EAAA,CAAAa,UAAA,qBAAAS,aAAA,CAA4B;IAI/CtB,EAAA,CAAAY,SAAA,GAWC;IAXDZ,EAAA,CAAA+B,aAAA,CAAAzB,MAAA,CAAAa,UAAA,SAWC;;;ADbL,WAAaa,MAAM;EAAb,MAAOA,MAAM;IACRC,SAAS;IACVC,cAAc,GAAGxC,MAAM,CAACK,cAAc,CAAC;IACvCoC,UAAU,GAAGzC,MAAM,CAACD,UAAU,CAAC;IAEhC0B,UAAU,GAAG,KAAK;IAElBV,MAAMA,CAAA;MACX,IAAI,CAACyB,cAAc,CAACE,MAAM,EAAE;IAC9B;;uCATWJ,MAAM;IAAA;;YAANA,MAAM;MAAAK,SAAA;MAAAC,MAAA;QAAAL,SAAA;MAAA;MAAAM,KAAA;MAAAC,IAAA;MAAAC,MAAA;MAAAC,QAAA,WAAAC,gBAAAC,EAAA,EAAAC,GAAA;QAAA,IAAAD,EAAA;UCdnB5C,EAAA,CAAAC,cAAA,aAAuB;UAEnBD,EAAA,CAAA8C,SAAA,aAAkD;UAElD9C,EAAA,CAAA4B,mBAAA,IAAAmB,6BAAA,OAAiB;UA0BrB/C,EAAA,CAAAW,YAAA,EAAM;;;UA1BFX,EAAA,CAAAY,SAAA,GAwBC;UAxBDZ,EAAA,CAAA+B,aAAA,CAAAc,GAAA,CAAAZ,SAAA,UAwBC;;;qBDlBOpC,UAAU,EAAEC,gBAAgB,EAAEH,OAAO,EAAEC,aAAa,EAAEJ,YAAY,EAAAwD,EAAA,CAAAC,gBAAA;MAAAC,MAAA;IAAA;;SAIjElB,MAAM;AAAA",
      "ignoreList": []
    },
    "_coverageSchema": "1a1c01bbd47fc00a2c39e90264f33305004495a9",
    "hash": "c12b95b69e7921d87201efad5c2effd2f3b486a5"
  },
  "/Users/maelle/Documents/OpenClassroom/Projets/Projet5/Projet/Developpez-une-application-full-stack-complete/front/src/app/core/services/theme.ts": {
    "path": "/Users/maelle/Documents/OpenClassroom/Projets/Projet5/Projet/Developpez-une-application-full-stack-complete/front/src/app/core/services/theme.ts",
    "statementMap": {
      "0": {
        "start": {
          "line": 3,
          "column": 39
        },
        "end": {
          "line": 29,
          "column": 4
        }
      },
      "1": {
        "start": {
          "line": 6,
          "column": 18
        },
        "end": {
          "line": 6,
          "column": 26
        }
      },
      "2": {
        "start": {
          "line": 8,
          "column": 6
        },
        "end": {
          "line": 8,
          "column": 35
        }
      },
      "3": {
        "start": {
          "line": 11,
          "column": 6
        },
        "end": {
          "line": 11,
          "column": 51
        }
      },
      "4": {
        "start": {
          "line": 14,
          "column": 6
        },
        "end": {
          "line": 14,
          "column": 80
        }
      },
      "5": {
        "start": {
          "line": 17,
          "column": 6
        },
        "end": {
          "line": 17,
          "column": 76
        }
      },
      "6": {
        "start": {
          "line": 19,
          "column": 18
        },
        "end": {
          "line": 21,
          "column": 5
        }
      },
      "7": {
        "start": {
          "line": 20,
          "column": 6
        },
        "end": {
          "line": 20,
          "column": 81
        }
      },
      "8": {
        "start": {
          "line": 22,
          "column": 32
        },
        "end": {
          "line": 26,
          "column": 6
        }
      },
      "9": {
        "start": {
          "line": 28,
          "column": 2
        },
        "end": {
          "line": 28,
          "column": 22
        }
      }
    },
    "fnMap": {
      "0": {
        "name": "(anonymous_0)",
        "decl": {
          "start": {
            "line": 3,
            "column": 40
          },
          "end": {
            "line": 3,
            "column": 41
          }
        },
        "loc": {
          "start": {
            "line": 3,
            "column": 46
          },
          "end": {
            "line": 29,
            "column": 1
          }
        },
        "line": 3
      },
      "1": {
        "name": "(anonymous_1)",
        "decl": {
          "start": {
            "line": 7,
            "column": 4
          },
          "end": {
            "line": 7,
            "column": 5
          }
        },
        "loc": {
          "start": {
            "line": 7,
            "column": 28
          },
          "end": {
            "line": 9,
            "column": 5
          }
        },
        "line": 7
      },
      "2": {
        "name": "(anonymous_2)",
        "decl": {
          "start": {
            "line": 10,
            "column": 4
          },
          "end": {
            "line": 10,
            "column": 5
          }
        },
        "loc": {
          "start": {
            "line": 10,
            "column": 10
          },
          "end": {
            "line": 12,
            "column": 5
          }
        },
        "line": 10
      },
      "3": {
        "name": "(anonymous_3)",
        "decl": {
          "start": {
            "line": 13,
            "column": 4
          },
          "end": {
            "line": 13,
            "column": 5
          }
        },
        "loc": {
          "start": {
            "line": 13,
            "column": 19
          },
          "end": {
            "line": 15,
            "column": 5
          }
        },
        "line": 13
      },
      "4": {
        "name": "(anonymous_4)",
        "decl": {
          "start": {
            "line": 16,
            "column": 4
          },
          "end": {
            "line": 16,
            "column": 5
          }
        },
        "loc": {
          "start": {
            "line": 16,
            "column": 22
          },
          "end": {
            "line": 18,
            "column": 5
          }
        },
        "line": 16
      },
      "5": {
        "name": "ThemeService_Factory",
        "decl": {
          "start": {
            "line": 19,
            "column": 27
          },
          "end": {
            "line": 19,
            "column": 47
          }
        },
        "loc": {
          "start": {
            "line": 19,
            "column": 67
          },
          "end": {
            "line": 21,
            "column": 5
          }
        },
        "line": 19
      }
    },
    "branchMap": {
      "0": {
        "loc": {
          "start": {
            "line": 20,
            "column": 18
          },
          "end": {
            "line": 20,
            "column": 51
          }
        },
        "type": "binary-expr",
        "locations": [
          {
            "start": {
              "line": 20,
              "column": 18
            },
            "end": {
              "line": 20,
              "column": 35
            }
          },
          {
            "start": {
              "line": 20,
              "column": 39
            },
            "end": {
              "line": 20,
              "column": 51
            }
          }
        ],
        "line": 20
      }
    },
    "s": {
      "0": 20,
      "1": 6,
      "2": 6,
      "3": 6,
      "4": 0,
      "5": 0,
      "6": 20,
      "7": 6,
      "8": 20,
      "9": 20
    },
    "f": {
      "0": 20,
      "1": 6,
      "2": 6,
      "3": 0,
      "4": 0,
      "5": 6
    },
    "b": {
      "0": [
        6,
        6
      ]
    },
    "inputSourceMap": {
      "version": 3,
      "names": [
        "ThemeService",
        "httpClient",
        "pathService",
        "constructor",
        "all",
        "get",
        "abonnement",
        "id",
        "post",
        "desabonnement",
        "delete",
        "i0",
        "ɵɵinject",
        "i1",
        "HttpClient",
        "factory",
        "ɵfac",
        "providedIn"
      ],
      "sources": [
        "/Users/maelle/Documents/OpenClassroom/Projets/Projet5/Projet/Developpez-une-application-full-stack-complete/front/src/app/core/services/theme.ts"
      ],
      "sourcesContent": [
        "import { HttpClient } from '@angular/common/http';\nimport { Injectable } from '@angular/core';\nimport { Observable } from 'rxjs';\nimport { Theme } from '../models/theme';\n\n@Injectable({\n  providedIn: 'root',\n})\nexport class ThemeService {\n  private pathService = 'themes'\n\n  constructor(private httpClient: HttpClient) { }\n\n  public all(): Observable<Theme[]> {\n    return this.httpClient.get<Theme[]>(this.pathService);\n  }\n\n  public abonnement(id: number): Observable<{message: string}> {\n    return this.httpClient.post<{message: string}>(`${this.pathService}/${id}/abonnement`, null);\n  }\n\n  public desabonnement(id: number): Observable<{message: string}> {\n    return this.httpClient.delete<{message: string}>(`${this.pathService}/${id}/abonnement`);\n  }\n}\n"
      ],
      "mappings": ";;AAQA,WAAaA,YAAY;EAAnB,MAAOA,YAAY;IAGHC,UAAA;IAFZC,WAAW,GAAG,QAAQ;IAE9BC,YAAoBF,UAAsB;MAAtB,KAAAA,UAAU,GAAVA,UAAU;IAAgB;IAEvCG,GAAGA,CAAA;MACR,OAAO,IAAI,CAACH,UAAU,CAACI,GAAG,CAAU,IAAI,CAACH,WAAW,CAAC;IACvD;IAEOI,UAAUA,CAACC,EAAU;MAC1B,OAAO,IAAI,CAACN,UAAU,CAACO,IAAI,CAAoB,GAAG,IAAI,CAACN,WAAW,IAAIK,EAAE,aAAa,EAAE,IAAI,CAAC;IAC9F;IAEOE,aAAaA,CAACF,EAAU;MAC7B,OAAO,IAAI,CAACN,UAAU,CAACS,MAAM,CAAoB,GAAG,IAAI,CAACR,WAAW,IAAIK,EAAE,aAAa,CAAC;IAC1F;;uCAfWP,YAAY,EAAAW,EAAA,CAAAC,QAAA,CAAAC,EAAA,CAAAC,UAAA;IAAA;;aAAZd,YAAY;MAAAe,OAAA,EAAZf,YAAY,CAAAgB,IAAA;MAAAC,UAAA,EAFX;IAAM;;SAEPjB,YAAY;AAAA",
      "ignoreList": []
    },
    "_coverageSchema": "1a1c01bbd47fc00a2c39e90264f33305004495a9",
    "hash": "f98b023b31d37a4680f692e46a41356ac5b44652"
  },
  "/Users/maelle/Documents/OpenClassroom/Projets/Projet5/Projet/Developpez-une-application-full-stack-complete/front/src/app/shared/components/bouton/bouton.ts": {
    "path": "/Users/maelle/Documents/OpenClassroom/Projets/Projet5/Projet/Developpez-une-application-full-stack-complete/front/src/app/shared/components/bouton/bouton.ts",
    "statementMap": {
      "0": {
        "start": {
          "line": 4,
          "column": 33
        },
        "end": {
          "line": 45,
          "column": 4
        }
      },
      "1": {
        "start": {
          "line": 7,
          "column": 14
        },
        "end": {
          "line": 7,
          "column": 19
        }
      },
      "2": {
        "start": {
          "line": 8,
          "column": 13
        },
        "end": {
          "line": 8,
          "column": 31
        }
      },
      "3": {
        "start": {
          "line": 9,
          "column": 18
        },
        "end": {
          "line": 11,
          "column": 5
        }
      },
      "4": {
        "start": {
          "line": 10,
          "column": 6
        },
        "end": {
          "line": 10,
          "column": 49
        }
      },
      "5": {
        "start": {
          "line": 12,
          "column": 31
        },
        "end": {
          "line": 42,
          "column": 6
        }
      },
      "6": {
        "start": {
          "line": 26,
          "column": 8
        },
        "end": {
          "line": 33,
          "column": 9
        }
      },
      "7": {
        "start": {
          "line": 27,
          "column": 10
        },
        "end": {
          "line": 27,
          "column": 44
        }
      },
      "8": {
        "start": {
          "line": 28,
          "column": 10
        },
        "end": {
          "line": 30,
          "column": 13
        }
      },
      "9": {
        "start": {
          "line": 29,
          "column": 12
        },
        "end": {
          "line": 29,
          "column": 37
        }
      },
      "10": {
        "start": {
          "line": 31,
          "column": 10
        },
        "end": {
          "line": 31,
          "column": 23
        }
      },
      "11": {
        "start": {
          "line": 32,
          "column": 10
        },
        "end": {
          "line": 32,
          "column": 28
        }
      },
      "12": {
        "start": {
          "line": 34,
          "column": 8
        },
        "end": {
          "line": 38,
          "column": 9
        }
      },
      "13": {
        "start": {
          "line": 35,
          "column": 10
        },
        "end": {
          "line": 35,
          "column": 49
        }
      },
      "14": {
        "start": {
          "line": 36,
          "column": 10
        },
        "end": {
          "line": 36,
          "column": 25
        }
      },
      "15": {
        "start": {
          "line": 37,
          "column": 10
        },
        "end": {
          "line": 37,
          "column": 42
        }
      },
      "16": {
        "start": {
          "line": 44,
          "column": 2
        },
        "end": {
          "line": 44,
          "column": 16
        }
      }
    },
    "fnMap": {
      "0": {
        "name": "(anonymous_0)",
        "decl": {
          "start": {
            "line": 4,
            "column": 34
          },
          "end": {
            "line": 4,
            "column": 35
          }
        },
        "loc": {
          "start": {
            "line": 4,
            "column": 40
          },
          "end": {
            "line": 45,
            "column": 1
          }
        },
        "line": 4
      },
      "1": {
        "name": "Bouton_Factory",
        "decl": {
          "start": {
            "line": 9,
            "column": 27
          },
          "end": {
            "line": 9,
            "column": 41
          }
        },
        "loc": {
          "start": {
            "line": 9,
            "column": 61
          },
          "end": {
            "line": 11,
            "column": 5
          }
        },
        "line": 9
      },
      "2": {
        "name": "Bouton_Template",
        "decl": {
          "start": {
            "line": 25,
            "column": 25
          },
          "end": {
            "line": 25,
            "column": 40
          }
        },
        "loc": {
          "start": {
            "line": 25,
            "column": 50
          },
          "end": {
            "line": 39,
            "column": 7
          }
        },
        "line": 25
      },
      "3": {
        "name": "Bouton_Template_button_click_0_listener",
        "decl": {
          "start": {
            "line": 28,
            "column": 42
          },
          "end": {
            "line": 28,
            "column": 81
          }
        },
        "loc": {
          "start": {
            "line": 28,
            "column": 84
          },
          "end": {
            "line": 30,
            "column": 11
          }
        },
        "line": 28
      }
    },
    "branchMap": {
      "0": {
        "loc": {
          "start": {
            "line": 10,
            "column": 18
          },
          "end": {
            "line": 10,
            "column": 45
          }
        },
        "type": "binary-expr",
        "locations": [
          {
            "start": {
              "line": 10,
              "column": 18
            },
            "end": {
              "line": 10,
              "column": 35
            }
          },
          {
            "start": {
              "line": 10,
              "column": 39
            },
            "end": {
              "line": 10,
              "column": 45
            }
          }
        ],
        "line": 10
      },
      "1": {
        "loc": {
          "start": {
            "line": 26,
            "column": 8
          },
          "end": {
            "line": 33,
            "column": 9
          }
        },
        "type": "if",
        "locations": [
          {
            "start": {
              "line": 26,
              "column": 8
            },
            "end": {
              "line": 33,
              "column": 9
            }
          },
          {
            "start": {},
            "end": {}
          }
        ],
        "line": 26
      },
      "2": {
        "loc": {
          "start": {
            "line": 34,
            "column": 8
          },
          "end": {
            "line": 38,
            "column": 9
          }
        },
        "type": "if",
        "locations": [
          {
            "start": {
              "line": 34,
              "column": 8
            },
            "end": {
              "line": 38,
              "column": 9
            }
          },
          {
            "start": {},
            "end": {}
          }
        ],
        "line": 34
      }
    },
    "s": {
      "0": 20,
      "1": 35,
      "2": 35,
      "3": 20,
      "4": 35,
      "5": 20,
      "6": 1327,
      "7": 35,
      "8": 35,
      "9": 23,
      "10": 35,
      "11": 35,
      "12": 1327,
      "13": 1292,
      "14": 1292,
      "15": 1292,
      "16": 20
    },
    "f": {
      "0": 20,
      "1": 35,
      "2": 1327,
      "3": 23
    },
    "b": {
      "0": [
        35,
        35
      ],
      "1": [
        35,
        1292
      ],
      "2": [
        1292,
        35
      ]
    },
    "inputSourceMap": {
      "version": 3,
      "names": [
        "EventEmitter",
        "MatButton",
        "Bouton",
        "texte",
        "disable",
        "action",
        "selectors",
        "inputs",
        "outputs",
        "decls",
        "vars",
        "consts",
        "template",
        "Bouton_Template",
        "rf",
        "ctx",
        "i0",
        "ɵɵelementStart",
        "ɵɵlistener",
        "Bouton_Template_button_click_0_listener",
        "emit",
        "ɵɵtext",
        "ɵɵelementEnd",
        "ɵɵproperty",
        "ɵɵadvance",
        "ɵɵtextInterpolate",
        "styles"
      ],
      "sources": [
        "/Users/maelle/Documents/OpenClassroom/Projets/Projet5/Projet/Developpez-une-application-full-stack-complete/front/src/app/shared/components/bouton/bouton.ts",
        "/Users/maelle/Documents/OpenClassroom/Projets/Projet5/Projet/Developpez-une-application-full-stack-complete/front/src/app/shared/components/bouton/bouton.html"
      ],
      "sourcesContent": [
        "import { Component, EventEmitter, Input, Output } from '@angular/core';\nimport { MatButton } from '@angular/material/button';\n\n@Component({\n  selector: 'app-bouton',\n  imports: [MatButton],\n  templateUrl: './bouton.html',\n  styleUrl: './bouton.scss',\n})\nexport class Bouton {\n  @Input() texte!: string;\n  @Input() disable = false;\n  @Output() action = new EventEmitter<void>();\n}\n",
        "<button matButton=\"filled\" class=\"bouton\" [disabled]=\"disable\" (click)=\"action.emit()\">{{texte}}</button>"
      ],
[...]
      "ignoreList": []
    },
    "_coverageSchema": "1a1c01bbd47fc00a2c39e90264f33305004495a9",
    "hash": "f4e4811040e3a32f523e9cd2cd607f28b650fcc6"
  },
  "/Users/maelle/Documents/OpenClassroom/Projets/Projet5/Projet/Developpez-une-application-full-stack-complete/front/src/environments/environment.ts": {
    "path": "/Users/maelle/Documents/OpenClassroom/Projets/Projet5/Projet/Developpez-une-application-full-stack-complete/front/src/environments/environment.ts",
    "statementMap": {
      "0": {
        "start": {
          "line": 1,
          "column": 27
        },
        "end": {
          "line": 4,
          "column": 1
        }
      }
    },
    "fnMap": {},
    "branchMap": {},
    "s": {
      "0": 20
    },
    "f": {},
    "b": {},
    "inputSourceMap": {
      "version": 3,
      "names": [
        "environment",
        "baseUrl",
        "production"
      ],
      "sources": [
        "/Users/maelle/Documents/OpenClassroom/Projets/Projet5/Projet/Developpez-une-application-full-stack-complete/front/src/environments/environment.ts"
      ],
      "sourcesContent": [
        "export const environment = {\n    baseUrl: 'http://localhost:9000/api',\n    production: false\n};\n"
      ],
      "mappings": "AAAA,OAAO,MAAMA,WAAW,GAAG;EACvBC,OAAO,EAAE,2BAA2B;EACpCC,UAAU,EAAE;CACf",
      "ignoreList": []
    },
    "_coverageSchema": "1a1c01bbd47fc00a2c39e90264f33305004495a9",
    "hash": "886a76b16ecdc818f4443191b9e4d72111572f11"
  },
  "/Users/maelle/Documents/OpenClassroom/Projets/Projet5/Projet/Developpez-une-application-full-stack-complete/front/src/app/core/interceptors/baseUrlInterceptor.ts": {
    "path": "/Users/maelle/Documents/OpenClassroom/Projets/Projet5/Projet/Developpez-une-application-full-stack-complete/front/src/app/core/interceptors/baseUrlInterceptor.ts",
    "statementMap": {
      "0": {
        "start": {
          "line": 2,
          "column": 34
        },
        "end": {
          "line": 7,
          "column": 1
        }
      },
      "1": {
        "start": {
          "line": 3,
          "column": 17
        },
        "end": {
          "line": 5,
          "column": 4
        }
      },
      "2": {
        "start": {
          "line": 6,
          "column": 2
        },
        "end": {
          "line": 6,
          "column": 22
        }
      }
    },
    "fnMap": {
      "0": {
        "name": "(anonymous_0)",
        "decl": {
          "start": {
            "line": 2,
            "column": 34
          },
          "end": {
            "line": 2,
            "column": 35
          }
        },
        "loc": {
          "start": {
            "line": 2,
            "column": 49
          },
          "end": {
            "line": 7,
            "column": 1
          }
        },
        "line": 2
      }
    },
    "branchMap": {},
    "s": {
      "0": 20,
      "1": 38,
      "2": 38
    },
    "f": {
      "0": 38
    },
    "b": {},
    "inputSourceMap": {
      "version": 3,
      "names": [
        "environment",
        "baseUrlInterceptor",
        "req",
        "next",
        "apiReq",
        "clone",
        "url",
        "baseUrl"
      ],
      "sources": [
        "/Users/maelle/Documents/OpenClassroom/Projets/Projet5/Projet/Developpez-une-application-full-stack-complete/front/src/app/core/interceptors/baseUrlInterceptor.ts"
      ],
      "sourcesContent": [
        "import { HttpInterceptorFn } from \"@angular/common/http\";\nimport { environment } from \"../../../environments/environment\";\n\nexport const baseUrlInterceptor: HttpInterceptorFn = (req, next) => {\n    const apiReq = req.clone({\n        url: `${environment.baseUrl}/${req.url}`\n    });\n\n    return next(apiReq);\n}"
      ],
      "mappings": "AACA,SAASA,WAAW,QAAQ,mCAAmC;AAE/D,OAAO,MAAMC,kBAAkB,GAAsBA,CAACC,GAAG,EAAEC,IAAI,KAAI;EAC/D,MAAMC,MAAM,GAAGF,GAAG,CAACG,KAAK,CAAC;IACrBC,GAAG,EAAE,GAAGN,WAAW,CAACO,OAAO,IAAIL,GAAG,CAACI,GAAG;GACzC,CAAC;EAEF,OAAOH,IAAI,CAACC,MAAM,CAAC;AACvB,CAAC",
      "ignoreList": []
    },
    "_coverageSchema": "1a1c01bbd47fc00a2c39e90264f33305004495a9",
    "hash": "7d07358a9e50de228dbff8bcfdfb411af1725a70"
  },
  "/Users/maelle/Documents/OpenClassroom/Projets/Projet5/Projet/Developpez-une-application-full-stack-complete/front/src/app/core/interceptors/jwtInterceptor.ts": {
    "path": "/Users/maelle/Documents/OpenClassroom/Projets/Projet5/Projet/Developpez-une-application-full-stack-complete/front/src/app/core/interceptors/jwtInterceptor.ts",
    "statementMap": {
      "0": {
        "start": {
          "line": 4,
          "column": 25
        },
        "end": {
          "line": 4,
          "column": 47
        }
      },
      "1": {
        "start": {
          "line": 5,
          "column": 2
        },
        "end": {
          "line": 11,
          "column": 3
        }
      },
      "2": {
        "start": {
          "line": 6,
          "column": 4
        },
        "end": {
          "line": 10,
          "column": 7
        }
      },
      "3": {
        "start": {
          "line": 12,
          "column": 2
        },
        "end": {
          "line": 12,
          "column": 23
        }
      }
    },
    "fnMap": {
      "0": {
        "name": "customJwtInterceptorFn",
        "decl": {
          "start": {
            "line": 3,
            "column": 16
          },
          "end": {
            "line": 3,
            "column": 38
          }
        },
        "loc": {
          "start": {
            "line": 3,
            "column": 54
          },
          "end": {
            "line": 13,
            "column": 1
          }
        },
        "line": 3
      }
    },
    "branchMap": {
      "0": {
        "loc": {
          "start": {
            "line": 5,
            "column": 2
          },
          "end": {
            "line": 11,
            "column": 3
          }
        },
        "type": "if",
        "locations": [
          {
            "start": {
              "line": 5,
              "column": 2
            },
            "end": {
              "line": 11,
              "column": 3
            }
          },
          {
            "start": {},
            "end": {}
          }
        ],
        "line": 5
      }
    },
    "s": {
      "0": 38,
      "1": 38,
      "2": 22,
      "3": 38
    },
    "f": {
      "0": 38
    },
    "b": {
      "0": [
        22,
        16
      ]
    },
    "inputSourceMap": {
      "version": 3,
      "names": [
        "SessionService",
        "inject",
        "customJwtInterceptorFn",
        "request",
        "next",
        "sessionService",
        "isLogged",
        "clone",
        "setHeaders",
        "Authorization",
        "sessionInformations",
        "token"
      ],
      "sources": [
        "/Users/maelle/Documents/OpenClassroom/Projets/Projet5/Projet/Developpez-une-application-full-stack-complete/front/src/app/core/interceptors/jwtInterceptor.ts"
      ],
      "sourcesContent": [
        "import { HttpEvent, HttpHandlerFn, HttpRequest } from \"@angular/common/http\";\nimport { SessionService } from \"../services/session\";\nimport { inject } from \"@angular/core\";\nimport { Observable } from \"rxjs\";\n\nexport function customJwtInterceptorFn(request: HttpRequest<unknown>, next: HttpHandlerFn): Observable<HttpEvent<unknown>> {\n  const sessionService = inject(SessionService);\n  if (sessionService.isLogged) {\n    request = request.clone({\n      setHeaders: {\n        Authorization: `Bearer ${sessionService.sessionInformations!.token}`,\n      },\n    });\n  }\n  return next(request);\n}"
      ],
      "mappings": "AACA,SAASA,cAAc,QAAQ,qBAAqB;AACpD,SAASC,MAAM,QAAQ,eAAe;AAGtC,OAAM,SAAUC,sBAAsBA,CAACC,OAA6B,EAAEC,IAAmB;EACvF,MAAMC,cAAc,GAAGJ,MAAM,CAACD,cAAc,CAAC;EAC7C,IAAIK,cAAc,CAACC,QAAQ,EAAE;IAC3BH,OAAO,GAAGA,OAAO,CAACI,KAAK,CAAC;MACtBC,UAAU,EAAE;QACVC,aAAa,EAAE,UAAUJ,cAAc,CAACK,mBAAoB,CAACC,KAAK;;KAErE,CAAC;EACJ;EACA,OAAOP,IAAI,CAACD,OAAO,CAAC;AACtB",
      "ignoreList": []
    },
    "_coverageSchema": "1a1c01bbd47fc00a2c39e90264f33305004495a9",
    "hash": "bae387c3f13ecaff69760ce909881108a9bb520e"
  },
  "/Users/maelle/Documents/OpenClassroom/Projets/Projet5/Projet/Developpez-une-application-full-stack-complete/front/src/app/app.config.ts": {
    "path": "/Users/maelle/Documents/OpenClassroom/Projets/Projet5/Projet/Developpez-une-application-full-stack-complete/front/src/app/app.config.ts",
    "statementMap": {
      "0": {
        "start": {
          "line": 7,
          "column": 25
        },
        "end": {
          "line": 11,
          "column": 1
        }
      }
    },
    "fnMap": {},
    "branchMap": {},
    "s": {
      "0": 20
    },
    "f": {},
    "b": {},
    "inputSourceMap": {
      "version": 3,
      "names": [
        "provideBrowserGlobalErrorListeners",
        "provideZoneChangeDetection",
        "provideRouter",
        "routes",
        "provideHttpClient",
        "withInterceptors",
        "baseUrlInterceptor",
        "customJwtInterceptorFn",
        "appConfig",
        "providers",
        "eventCoalescing"
      ],
      "sources": [
        "/Users/maelle/Documents/OpenClassroom/Projets/Projet5/Projet/Developpez-une-application-full-stack-complete/front/src/app/app.config.ts"
      ],
      "sourcesContent": [
        "import { ApplicationConfig, provideBrowserGlobalErrorListeners, provideZoneChangeDetection } from '@angular/core';\nimport { provideRouter } from '@angular/router';\n\nimport { routes } from './app.routes';\nimport { provideHttpClient, withInterceptors } from '@angular/common/http';\nimport { baseUrlInterceptor } from './core/interceptors/baseUrlInterceptor';\nimport { customJwtInterceptorFn } from './core/interceptors/jwtInterceptor';\n\nexport const appConfig: ApplicationConfig = {\n  providers: [\n    provideHttpClient(withInterceptors([baseUrlInterceptor, customJwtInterceptorFn])),\n    provideBrowserGlobalErrorListeners(),\n    provideRouter(routes),\n    provideZoneChangeDetection({ eventCoalescing: true })\n  ]\n};\n"
      ],
      "mappings": "AAAA,SAA4BA,kCAAkC,EAAEC,0BAA0B,QAAQ,eAAe;AACjH,SAASC,aAAa,QAAQ,iBAAiB;AAE/C,SAASC,MAAM,QAAQ,cAAc;AACrC,SAASC,iBAAiB,EAAEC,gBAAgB,QAAQ,sBAAsB;AAC1E,SAASC,kBAAkB,QAAQ,wCAAwC;AAC3E,SAASC,sBAAsB,QAAQ,oCAAoC;AAE3E,OAAO,MAAMC,SAAS,GAAsB;EAC1CC,SAAS,EAAE,CACTL,iBAAiB,CAACC,gBAAgB,CAAC,CAACC,kBAAkB,EAAEC,sBAAsB,CAAC,CAAC,CAAC,EACjFP,kCAAkC,EAAE,EACpCE,aAAa,CAACC,MAAM,CAAC,EACrBF,0BAA0B,CAAC;IAAES,eAAe,EAAE;EAAI,CAAE,CAAC;CAExD",
      "ignoreList": []
    },
    "_coverageSchema": "1a1c01bbd47fc00a2c39e90264f33305004495a9",
    "hash": "00d7718608da7297c61c0d5e6c450e5d5a65d750"
  },
  "/Users/maelle/Documents/OpenClassroom/Projets/Projet5/Projet/Developpez-une-application-full-stack-complete/front/src/app/app.ts": {
    "path": "/Users/maelle/Documents/OpenClassroom/Projets/Projet5/Projet/Developpez-une-application-full-stack-complete/front/src/app/app.ts",
    "statementMap": {
      "0": {
        "start": {
          "line": 4,
          "column": 30
        },
        "end": {
          "line": 27,
          "column": 4
        }
      },
      "1": {
        "start": {
          "line": 6,
          "column": 12
        },
        "end": {
          "line": 8,
          "column": 39
        }
      },
      "2": {
        "start": {
          "line": 9,
          "column": 18
        },
        "end": {
          "line": 11,
          "column": 5
        }
      },
      "3": {
        "start": {
          "line": 10,
          "column": 6
        },
        "end": {
          "line": 10,
          "column": 46
        }
      },
      "4": {
        "start": {
          "line": 12,
          "column": 31
        },
        "end": {
          "line": 24,
          "column": 6
        }
      },
      "5": {
        "start": {
          "line": 18,
          "column": 8
        },
        "end": {
          "line": 20,
          "column": 9
        }
      },
      "6": {
        "start": {
          "line": 19,
          "column": 10
        },
        "end": {
          "line": 19,
          "column": 43
        }
      },
      "7": {
        "start": {
          "line": 26,
          "column": 2
        },
        "end": {
          "line": 26,
          "column": 13
        }
      }
    },
    "fnMap": {
      "0": {
        "name": "(anonymous_0)",
        "decl": {
          "start": {
            "line": 4,
            "column": 31
          },
          "end": {
            "line": 4,
            "column": 32
          }
        },
        "loc": {
          "start": {
            "line": 4,
            "column": 37
          },
          "end": {
            "line": 27,
            "column": 1
          }
        },
        "line": 4
      },
      "1": {
        "name": "App_Factory",
        "decl": {
          "start": {
            "line": 9,
            "column": 27
          },
          "end": {
            "line": 9,
            "column": 38
          }
        },
        "loc": {
          "start": {
            "line": 9,
            "column": 58
          },
          "end": {
            "line": 11,
            "column": 5
          }
        },
        "line": 9
      },
      "2": {
        "name": "App_Template",
        "decl": {
          "start": {
            "line": 17,
            "column": 25
          },
          "end": {
            "line": 17,
            "column": 37
          }
        },
        "loc": {
          "start": {
            "line": 17,
            "column": 47
          },
          "end": {
            "line": 21,
            "column": 7
          }
        },
        "line": 17
      }
    },
    "branchMap": {
      "0": {
        "loc": {
          "start": {
            "line": 6,
            "column": 32
          },
          "end": {
            "line": 8,
            "column": 37
          }
        },
        "type": "cond-expr",
        "locations": [
          {
            "start": {
              "line": 6,
              "column": 44
            },
            "end": {
              "line": 8,
              "column": 6
            }
          }
        ],
        "line": 6
      },
      "1": {
        "loc": {
          "start": {
            "line": 10,
            "column": 18
          },
          "end": {
            "line": 10,
            "column": 42
          }
        },
        "type": "binary-expr",
        "locations": [
          {
            "start": {
              "line": 10,
              "column": 18
            },
            "end": {
              "line": 10,
              "column": 35
            }
          },
          {
            "start": {
              "line": 10,
              "column": 39
            },
            "end": {
              "line": 10,
              "column": 42
            }
          }
        ],
        "line": 10
      },
      "2": {
        "loc": {
          "start": {
            "line": 18,
            "column": 8
          },
          "end": {
            "line": 20,
            "column": 9
          }
        },
        "type": "if",
        "locations": [
          {
            "start": {
              "line": 18,
              "column": 8
            },
            "end": {
              "line": 20,
              "column": 9
            }
          },
          {
            "start": {},
            "end": {}
          }
        ],
        "line": 18
      }
    },
    "s": {
      "0": 20,
      "1": 20,
      "2": 20,
      "3": 20,
      "4": 20,
      "5": 1352,
      "6": 20,
      "7": 20
    },
    "f": {
      "0": 20,
      "1": 20,
      "2": 1352
    },
    "b": {
      "0": [
        20
      ],
      "1": [
        20,
        20
      ],
      "2": [
        20,
        1332
      ]
    },
    "inputSourceMap": {
      "version": 3,
      "names": [
        "signal",
        "RouterOutlet",
        "App",
        "title",
        "ngDevMode",
        "debugName",
        "selectors",
        "decls",
        "vars",
        "template",
        "App_Template",
        "rf",
        "ctx",
        "i0",
        "ɵɵelement",
        "styles"
      ],
      "sources": [
        "/Users/maelle/Documents/OpenClassroom/Projets/Projet5/Projet/Developpez-une-application-full-stack-complete/front/src/app/app.ts",
        "/Users/maelle/Documents/OpenClassroom/Projets/Projet5/Projet/Developpez-une-application-full-stack-complete/front/src/app/app.html"
      ],
      "sourcesContent": [
        "import { Component, signal } from '@angular/core';\nimport { RouterOutlet } from '@angular/router';\n\n@Component({\n  selector: 'app-root',\n  imports: [RouterOutlet],\n  templateUrl: './app.html',\n  styleUrl: './app.scss'\n})\nexport class App {\n  protected readonly title = signal('front');\n}\n",
        "<router-outlet></router-outlet>"
      ],
      "mappings": "AAAA,SAAoBA,MAAM,QAAQ,eAAe;AACjD,SAASC,YAAY,QAAQ,iBAAiB;;AAQ9C,WAAaC,GAAG;EAAV,MAAOA,GAAG;IACKC,KAAK,GAAGH,MAAM,CAAC,OAAO,MAAAI,SAAA;MAAAC,SAAA;IAAA,mCAAC;;uCAD/BH,GAAG;IAAA;;YAAHA,GAAG;MAAAI,SAAA;MAAAC,KAAA;MAAAC,IAAA;MAAAC,QAAA,WAAAC,aAAAC,EAAA,EAAAC,GAAA;QAAA,IAAAD,EAAA;UCThBE,EAAA,CAAAC,SAAA,oBAA+B;;;qBDKnBb,YAAY;MAAAc,MAAA;IAAA;;SAIXb,GAAG;AAAA",
      "ignoreList": []
    },
    "_coverageSchema": "1a1c01bbd47fc00a2c39e90264f33305004495a9",
    "hash": "05cef7948afc68a70cb95c0064f010165cb89aab"
  },
  "/Users/maelle/Documents/OpenClassroom/Projets/Projet5/Projet/Developpez-une-application-full-stack-complete/front/src/main.ts": {
    "path": "/Users/maelle/Documents/OpenClassroom/Projets/Projet5/Projet/Developpez-une-application-full-stack-complete/front/src/main.ts",
    "statementMap": {
      "0": {
        "start": {
          "line": 4,
          "column": 0
        },
        "end": {
          "line": 4,
          "column": 70
        }
      },
      "1": {
        "start": {
          "line": 4,
          "column": 50
        },
        "end": {
          "line": 4,
          "column": 68
        }
      }
    },
    "fnMap": {
      "0": {
        "name": "(anonymous_0)",
        "decl": {
          "start": {
            "line": 4,
            "column": 43
          },
          "end": {
            "line": 4,
            "column": 44
          }
        },
        "loc": {
          "start": {
            "line": 4,
            "column": 50
          },
          "end": {
            "line": 4,
            "column": 68
          }
        },
        "line": 4
      }
    },
    "branchMap": {},
    "s": {
      "0": 20,
      "1": 0
    },
    "f": {
      "0": 0
    },
    "b": {},
    "inputSourceMap": {
      "version": 3,
      "names": [
        "bootstrapApplication",
        "appConfig",
        "App",
        "catch",
        "err",
        "console",
        "error"
      ],
      "sources": [
        "/Users/maelle/Documents/OpenClassroom/Projets/Projet5/Projet/Developpez-une-application-full-stack-complete/front/src/main.ts"
      ],
      "sourcesContent": [
        "import { bootstrapApplication } from '@angular/platform-browser';\nimport { appConfig } from './app/app.config';\nimport { App } from './app/app';\n\nbootstrapApplication(App, appConfig)\n  .catch((err) => console.error(err));\n"
      ],
      "mappings": "AAAA,SAASA,oBAAoB,QAAQ,2BAA2B;AAChE,SAASC,SAAS,QAAQ,kBAAkB;AAC5C,SAASC,GAAG,QAAQ,WAAW;AAE/BF,oBAAoB,CAACE,GAAG,EAAED,SAAS,CAAC,CACjCE,KAAK,CAAEC,GAAG,IAAKC,OAAO,CAACC,KAAK,CAACF,GAAG,CAAC,CAAC",
      "ignoreList": []
    },
    "_coverageSchema": "1a1c01bbd47fc00a2c39e90264f33305004495a9",
    "hash": "5768307846fac69b45fadceb8aae42f4a7aa068a"
  }
}